mode: atomic
github.com/codeharik/GoMQ/api/v1/log.pb.go:32.26,34.29 2 0
github.com/codeharik/GoMQ/api/v1/log.pb.go:34.29,38.3 3 0
github.com/codeharik/GoMQ/api/v1/log.pb.go:41.34,43.2 1 0
github.com/codeharik/GoMQ/api/v1/log.pb.go:45.32,45.33 0 0
github.com/codeharik/GoMQ/api/v1/log.pb.go:47.54,49.41 2 0
github.com/codeharik/GoMQ/api/v1/log.pb.go:49.41,51.34 2 0
github.com/codeharik/GoMQ/api/v1/log.pb.go:51.34,53.4 1 0
github.com/codeharik/GoMQ/api/v1/log.pb.go:54.3,54.12 1 0
github.com/codeharik/GoMQ/api/v1/log.pb.go:56.2,56.24 1 0
github.com/codeharik/GoMQ/api/v1/log.pb.go:60.45,62.2 1 0
github.com/codeharik/GoMQ/api/v1/log.pb.go:64.36,65.14 1 0
github.com/codeharik/GoMQ/api/v1/log.pb.go:65.14,67.3 1 0
github.com/codeharik/GoMQ/api/v1/log.pb.go:68.2,68.12 1 0
github.com/codeharik/GoMQ/api/v1/log.pb.go:71.37,72.14 1 0
github.com/codeharik/GoMQ/api/v1/log.pb.go:72.14,74.3 1 0
github.com/codeharik/GoMQ/api/v1/log.pb.go:75.2,75.10 1 0
github.com/codeharik/GoMQ/api/v1/log.pb.go:101.45,102.42 1 0
github.com/codeharik/GoMQ/api/v1/log.pb.go:102.42,104.3 1 0
github.com/codeharik/GoMQ/api/v1/log.pb.go:105.2,105.38 1 0
github.com/codeharik/GoMQ/api/v1/log.pb.go:120.13,120.41 1 0
github.com/codeharik/GoMQ/api/v1/log.pb.go:121.31,122.30 1 0
github.com/codeharik/GoMQ/api/v1/log.pb.go:122.30,124.3 1 0
github.com/codeharik/GoMQ/api/v1/log.pb.go:125.2,125.30 1 0
github.com/codeharik/GoMQ/api/v1/log.pb.go:125.30,126.67 1 0
github.com/codeharik/GoMQ/api/v1/log.pb.go:126.67,127.31 1 0
github.com/codeharik/GoMQ/api/v1/log.pb.go:128.11,129.20 1 0
github.com/codeharik/GoMQ/api/v1/log.pb.go:130.11,131.24 1 0
github.com/codeharik/GoMQ/api/v1/log.pb.go:132.11,133.28 1 0
github.com/codeharik/GoMQ/api/v1/log.pb.go:134.12,135.15 1 0
github.com/codeharik/GoMQ/api/v1/log.pb.go:139.2,156.33 6 0
github.com/codeharik/GoMQ/cmd/server/handlers.go:10.60,12.2 1 0
github.com/codeharik/GoMQ/cmd/server/handlers.go:14.60,17.2 2 0
github.com/codeharik/GoMQ/cmd/server/handlers.go:19.59,21.23 2 0
github.com/codeharik/GoMQ/cmd/server/handlers.go:22.9,23.20 1 0
github.com/codeharik/GoMQ/cmd/server/handlers.go:24.9,25.21 1 0
github.com/codeharik/GoMQ/cmd/server/handlers.go:26.10,28.9 2 0
github.com/codeharik/GoMQ/cmd/server/handlers.go:31.2,35.16 2 0
github.com/codeharik/GoMQ/cmd/server/handlers.go:35.16,37.17 2 0
github.com/codeharik/GoMQ/cmd/server/handlers.go:37.17,40.4 2 0
github.com/codeharik/GoMQ/cmd/server/handlers.go:41.3,41.60 1 0
github.com/codeharik/GoMQ/cmd/server/handlers.go:41.60,44.4 2 0
github.com/codeharik/GoMQ/cmd/server/handlers.go:45.8,46.50 1 0
github.com/codeharik/GoMQ/cmd/server/handlers.go:46.50,49.4 2 0
github.com/codeharik/GoMQ/cmd/server/handlers.go:52.2,52.24 1 0
github.com/codeharik/GoMQ/cmd/server/handlers.go:55.59,56.24 1 0
github.com/codeharik/GoMQ/cmd/server/handlers.go:56.24,59.3 2 0
github.com/codeharik/GoMQ/cmd/server/handlers.go:60.2,62.16 3 0
github.com/codeharik/GoMQ/cmd/server/handlers.go:62.16,65.3 2 0
github.com/codeharik/GoMQ/cmd/server/handlers.go:67.2,67.21 1 0
github.com/codeharik/GoMQ/cmd/server/handlers.go:70.62,71.24 1 0
github.com/codeharik/GoMQ/cmd/server/handlers.go:71.24,74.3 2 0
github.com/codeharik/GoMQ/cmd/server/handlers.go:75.2,77.16 3 0
github.com/codeharik/GoMQ/cmd/server/handlers.go:77.16,80.3 2 0
github.com/codeharik/GoMQ/cmd/server/handlers.go:82.2,82.18 1 0
github.com/codeharik/GoMQ/cmd/server/init.go:18.46,20.37 2 0
github.com/codeharik/GoMQ/cmd/server/init.go:20.37,23.3 2 0
github.com/codeharik/GoMQ/cmd/server/init.go:24.2,24.23 1 0
github.com/codeharik/GoMQ/cmd/server/init.go:28.41,35.19 2 0
github.com/codeharik/GoMQ/cmd/server/init.go:35.19,38.3 2 0
github.com/codeharik/GoMQ/cmd/server/init.go:41.2,45.16 3 0
github.com/codeharik/GoMQ/cmd/server/init.go:45.16,47.3 1 0
github.com/codeharik/GoMQ/cmd/server/init.go:49.2,50.16 2 0
github.com/codeharik/GoMQ/cmd/server/init.go:50.16,52.3 1 0
github.com/codeharik/GoMQ/cmd/server/init.go:53.2,53.69 1 0
github.com/codeharik/GoMQ/cmd/server/init.go:53.69,56.3 1 0
github.com/codeharik/GoMQ/cmd/server/init.go:57.2,57.16 1 0
github.com/codeharik/GoMQ/cmd/server/init.go:57.16,59.3 1 0
github.com/codeharik/GoMQ/cmd/server/init.go:60.2,60.16 1 0
github.com/codeharik/GoMQ/cmd/server/main.go:23.13,26.16 2 0
github.com/codeharik/GoMQ/cmd/server/main.go:26.16,29.3 2 0
github.com/codeharik/GoMQ/cmd/server/main.go:31.2,38.30 4 0
github.com/codeharik/GoMQ/cmd/server/main.go:38.30,40.3 1 0
github.com/codeharik/GoMQ/cmd/server/main.go:41.2,41.26 1 0
github.com/codeharik/GoMQ/cmd/server/main.go:41.26,43.3 1 0
github.com/codeharik/GoMQ/cmd/server/main.go:46.2,47.16 2 0
github.com/codeharik/GoMQ/cmd/server/main.go:47.16,49.3 1 0
github.com/codeharik/GoMQ/cmd/server/main.go:50.2,66.31 9 0
github.com/codeharik/GoMQ/cmd/server/main.go:66.31,69.4 1 0
github.com/codeharik/GoMQ/cmd/server/main.go:70.38,72.4 0 0
github.com/codeharik/GoMQ/cmd/server/main.go:76.2,76.12 1 0
github.com/codeharik/GoMQ/cmd/server/main.go:76.12,77.47 1 0
github.com/codeharik/GoMQ/cmd/server/main.go:77.47,79.4 1 0
github.com/codeharik/GoMQ/cmd/server/main.go:84.2,90.14 4 0
github.com/codeharik/GoMQ/pkg/datafile/datafile.go:26.52,30.16 3 0
github.com/codeharik/GoMQ/pkg/datafile/datafile.go:30.16,32.3 1 0
github.com/codeharik/GoMQ/pkg/datafile/datafile.go:35.2,36.16 2 0
github.com/codeharik/GoMQ/pkg/datafile/datafile.go:36.16,38.3 1 0
github.com/codeharik/GoMQ/pkg/datafile/datafile.go:41.2,42.16 2 0
github.com/codeharik/GoMQ/pkg/datafile/datafile.go:42.16,44.3 1 0
github.com/codeharik/GoMQ/pkg/datafile/datafile.go:46.2,53.16 2 0
github.com/codeharik/GoMQ/pkg/datafile/datafile.go:57.29,59.2 1 0
github.com/codeharik/GoMQ/pkg/datafile/datafile.go:62.42,65.16 2 0
github.com/codeharik/GoMQ/pkg/datafile/datafile.go:65.16,67.3 1 0
github.com/codeharik/GoMQ/pkg/datafile/datafile.go:69.2,69.25 1 0
github.com/codeharik/GoMQ/pkg/datafile/datafile.go:73.33,75.2 1 0
github.com/codeharik/GoMQ/pkg/datafile/datafile.go:77.60,86.16 4 0
github.com/codeharik/GoMQ/pkg/datafile/datafile.go:86.16,88.3 1 0
github.com/codeharik/GoMQ/pkg/datafile/datafile.go:91.2,91.20 1 0
github.com/codeharik/GoMQ/pkg/datafile/datafile.go:91.20,93.3 1 0
github.com/codeharik/GoMQ/pkg/datafile/datafile.go:95.2,95.20 1 0
github.com/codeharik/GoMQ/pkg/datafile/datafile.go:99.52,100.48 1 0
github.com/codeharik/GoMQ/pkg/datafile/datafile.go:100.48,102.3 1 0
github.com/codeharik/GoMQ/pkg/datafile/datafile.go:105.2,110.20 3 0
github.com/codeharik/GoMQ/pkg/datafile/datafile.go:114.34,115.41 1 0
github.com/codeharik/GoMQ/pkg/datafile/datafile.go:115.41,117.3 1 0
github.com/codeharik/GoMQ/pkg/datafile/datafile.go:119.2,119.41 1 0
github.com/codeharik/GoMQ/pkg/datafile/datafile.go:119.41,121.3 1 0
github.com/codeharik/GoMQ/pkg/datafile/datafile.go:123.2,123.12 1 0
github.com/codeharik/GoMQ/api/v1/log.pb.go:32.26,34.29 2 0
github.com/codeharik/GoMQ/api/v1/log.pb.go:34.29,38.3 3 0
github.com/codeharik/GoMQ/api/v1/log.pb.go:41.34,43.2 1 0
github.com/codeharik/GoMQ/api/v1/log.pb.go:45.32,45.33 0 0
github.com/codeharik/GoMQ/api/v1/log.pb.go:47.54,49.41 2 0
github.com/codeharik/GoMQ/api/v1/log.pb.go:49.41,51.34 2 0
github.com/codeharik/GoMQ/api/v1/log.pb.go:51.34,53.4 1 0
github.com/codeharik/GoMQ/api/v1/log.pb.go:54.3,54.12 1 0
github.com/codeharik/GoMQ/api/v1/log.pb.go:56.2,56.24 1 0
github.com/codeharik/GoMQ/api/v1/log.pb.go:60.45,62.2 1 0
github.com/codeharik/GoMQ/api/v1/log.pb.go:64.36,65.14 1 0
github.com/codeharik/GoMQ/api/v1/log.pb.go:65.14,67.3 1 0
github.com/codeharik/GoMQ/api/v1/log.pb.go:68.2,68.12 1 0
github.com/codeharik/GoMQ/api/v1/log.pb.go:71.37,72.14 1 0
github.com/codeharik/GoMQ/api/v1/log.pb.go:72.14,74.3 1 0
github.com/codeharik/GoMQ/api/v1/log.pb.go:75.2,75.10 1 0
github.com/codeharik/GoMQ/api/v1/log.pb.go:101.45,102.42 1 0
github.com/codeharik/GoMQ/api/v1/log.pb.go:102.42,104.3 1 0
github.com/codeharik/GoMQ/api/v1/log.pb.go:105.2,105.38 1 0
github.com/codeharik/GoMQ/api/v1/log.pb.go:120.13,120.41 1 0
github.com/codeharik/GoMQ/api/v1/log.pb.go:121.31,122.30 1 0
github.com/codeharik/GoMQ/api/v1/log.pb.go:122.30,124.3 1 0
github.com/codeharik/GoMQ/api/v1/log.pb.go:125.2,125.30 1 0
github.com/codeharik/GoMQ/api/v1/log.pb.go:125.30,126.67 1 0
github.com/codeharik/GoMQ/api/v1/log.pb.go:126.67,127.31 1 0
github.com/codeharik/GoMQ/api/v1/log.pb.go:128.11,129.20 1 0
github.com/codeharik/GoMQ/api/v1/log.pb.go:130.11,131.24 1 0
github.com/codeharik/GoMQ/api/v1/log.pb.go:132.11,133.28 1 0
github.com/codeharik/GoMQ/api/v1/log.pb.go:134.12,135.15 1 0
github.com/codeharik/GoMQ/api/v1/log.pb.go:139.2,156.33 6 0
github.com/codeharik/GoMQ/cmd/server/handlers.go:10.60,12.2 1 0
github.com/codeharik/GoMQ/cmd/server/handlers.go:14.60,17.2 2 0
github.com/codeharik/GoMQ/cmd/server/handlers.go:19.59,21.23 2 0
github.com/codeharik/GoMQ/cmd/server/handlers.go:22.9,23.20 1 0
github.com/codeharik/GoMQ/cmd/server/handlers.go:24.9,25.21 1 0
github.com/codeharik/GoMQ/cmd/server/handlers.go:26.10,28.9 2 0
github.com/codeharik/GoMQ/cmd/server/handlers.go:31.2,35.16 2 0
github.com/codeharik/GoMQ/cmd/server/handlers.go:35.16,37.17 2 0
github.com/codeharik/GoMQ/cmd/server/handlers.go:37.17,40.4 2 0
github.com/codeharik/GoMQ/cmd/server/handlers.go:41.3,41.60 1 0
github.com/codeharik/GoMQ/cmd/server/handlers.go:41.60,44.4 2 0
github.com/codeharik/GoMQ/cmd/server/handlers.go:45.8,46.50 1 0
github.com/codeharik/GoMQ/cmd/server/handlers.go:46.50,49.4 2 0
github.com/codeharik/GoMQ/cmd/server/handlers.go:52.2,52.24 1 0
github.com/codeharik/GoMQ/cmd/server/handlers.go:55.59,56.24 1 0
github.com/codeharik/GoMQ/cmd/server/handlers.go:56.24,59.3 2 0
github.com/codeharik/GoMQ/cmd/server/handlers.go:60.2,62.16 3 0
github.com/codeharik/GoMQ/cmd/server/handlers.go:62.16,65.3 2 0
github.com/codeharik/GoMQ/cmd/server/handlers.go:67.2,67.21 1 0
github.com/codeharik/GoMQ/cmd/server/handlers.go:70.62,71.24 1 0
github.com/codeharik/GoMQ/cmd/server/handlers.go:71.24,74.3 2 0
github.com/codeharik/GoMQ/cmd/server/handlers.go:75.2,77.16 3 0
github.com/codeharik/GoMQ/cmd/server/handlers.go:77.16,80.3 2 0
github.com/codeharik/GoMQ/cmd/server/handlers.go:82.2,82.18 1 0
github.com/codeharik/GoMQ/cmd/server/init.go:18.46,20.37 2 0
github.com/codeharik/GoMQ/cmd/server/init.go:20.37,23.3 2 0
github.com/codeharik/GoMQ/cmd/server/init.go:24.2,24.23 1 0
github.com/codeharik/GoMQ/cmd/server/init.go:28.41,35.19 2 0
github.com/codeharik/GoMQ/cmd/server/init.go:35.19,38.3 2 0
github.com/codeharik/GoMQ/cmd/server/init.go:41.2,45.16 3 0
github.com/codeharik/GoMQ/cmd/server/init.go:45.16,47.3 1 0
github.com/codeharik/GoMQ/cmd/server/init.go:49.2,50.16 2 0
github.com/codeharik/GoMQ/cmd/server/init.go:50.16,52.3 1 0
github.com/codeharik/GoMQ/cmd/server/init.go:53.2,53.69 1 0
github.com/codeharik/GoMQ/cmd/server/init.go:53.69,56.3 1 0
github.com/codeharik/GoMQ/cmd/server/init.go:57.2,57.16 1 0
github.com/codeharik/GoMQ/cmd/server/init.go:57.16,59.3 1 0
github.com/codeharik/GoMQ/cmd/server/init.go:60.2,60.16 1 0
github.com/codeharik/GoMQ/cmd/server/main.go:23.13,26.16 2 0
github.com/codeharik/GoMQ/cmd/server/main.go:26.16,29.3 2 0
github.com/codeharik/GoMQ/cmd/server/main.go:31.2,38.30 4 0
github.com/codeharik/GoMQ/cmd/server/main.go:38.30,40.3 1 0
github.com/codeharik/GoMQ/cmd/server/main.go:41.2,41.26 1 0
github.com/codeharik/GoMQ/cmd/server/main.go:41.26,43.3 1 0
github.com/codeharik/GoMQ/cmd/server/main.go:46.2,47.16 2 0
github.com/codeharik/GoMQ/cmd/server/main.go:47.16,49.3 1 0
github.com/codeharik/GoMQ/cmd/server/main.go:50.2,66.31 9 0
github.com/codeharik/GoMQ/cmd/server/main.go:66.31,69.4 1 0
github.com/codeharik/GoMQ/cmd/server/main.go:70.38,72.4 0 0
github.com/codeharik/GoMQ/cmd/server/main.go:76.2,76.12 1 0
github.com/codeharik/GoMQ/cmd/server/main.go:76.12,77.47 1 0
github.com/codeharik/GoMQ/cmd/server/main.go:77.47,79.4 1 0
github.com/codeharik/GoMQ/cmd/server/main.go:84.2,90.14 4 0
github.com/codeharik/GoMQ/pkg/barrel/barrel.go:34.41,36.11 2 3
github.com/codeharik/GoMQ/pkg/barrel/barrel.go:36.11,38.3 1 1
github.com/codeharik/GoMQ/pkg/barrel/barrel.go:39.2,39.23 1 3
github.com/codeharik/GoMQ/pkg/barrel/barrel.go:43.43,46.26 2 3
github.com/codeharik/GoMQ/pkg/barrel/barrel.go:46.26,47.35 1 7
github.com/codeharik/GoMQ/pkg/barrel/barrel.go:47.35,49.4 1 0
github.com/codeharik/GoMQ/pkg/barrel/barrel.go:52.2,61.16 3 3
github.com/codeharik/GoMQ/pkg/barrel/barrel.go:61.16,63.3 1 0
github.com/codeharik/GoMQ/pkg/barrel/barrel.go:65.2,65.20 1 3
github.com/codeharik/GoMQ/pkg/barrel/barrel.go:65.20,68.17 2 0
github.com/codeharik/GoMQ/pkg/barrel/barrel.go:68.17,70.4 1 0
github.com/codeharik/GoMQ/pkg/barrel/barrel.go:73.3,76.27 2 0
github.com/codeharik/GoMQ/pkg/barrel/barrel.go:76.27,78.18 2 0
github.com/codeharik/GoMQ/pkg/barrel/barrel.go:78.18,80.5 1 0
github.com/codeharik/GoMQ/pkg/barrel/barrel.go:81.4,81.19 1 0
github.com/codeharik/GoMQ/pkg/barrel/barrel.go:86.2,86.20 1 3
github.com/codeharik/GoMQ/pkg/barrel/barrel.go:86.20,89.23 2 3
github.com/codeharik/GoMQ/pkg/barrel/barrel.go:89.23,91.4 1 0
github.com/codeharik/GoMQ/pkg/barrel/barrel.go:91.9,93.18 2 3
github.com/codeharik/GoMQ/pkg/barrel/barrel.go:93.18,95.5 1 0
github.com/codeharik/GoMQ/pkg/barrel/barrel.go:100.2,101.16 2 3
github.com/codeharik/GoMQ/pkg/barrel/barrel.go:101.16,103.3 1 0
github.com/codeharik/GoMQ/pkg/barrel/barrel.go:106.2,110.23 3 3
github.com/codeharik/GoMQ/pkg/barrel/barrel.go:110.23,111.50 1 0
github.com/codeharik/GoMQ/pkg/barrel/barrel.go:111.50,113.4 1 0
github.com/codeharik/GoMQ/pkg/barrel/barrel.go:117.2,124.38 1 3
github.com/codeharik/GoMQ/pkg/barrel/barrel.go:124.38,126.4 1 1
github.com/codeharik/GoMQ/pkg/barrel/barrel.go:130.2,136.37 3 3
github.com/codeharik/GoMQ/pkg/barrel/barrel.go:136.37,138.3 1 0
github.com/codeharik/GoMQ/pkg/barrel/barrel.go:140.2,140.20 1 3
github.com/codeharik/GoMQ/pkg/barrel/barrel.go:147.35,152.42 3 3
github.com/codeharik/GoMQ/pkg/barrel/barrel.go:152.42,155.3 2 0
github.com/codeharik/GoMQ/pkg/barrel/barrel.go:158.2,158.37 1 3
github.com/codeharik/GoMQ/pkg/barrel/barrel.go:158.37,161.3 2 0
github.com/codeharik/GoMQ/pkg/barrel/barrel.go:164.2,164.29 1 3
github.com/codeharik/GoMQ/pkg/barrel/barrel.go:164.29,165.36 1 0
github.com/codeharik/GoMQ/pkg/barrel/barrel.go:165.36,168.4 2 0
github.com/codeharik/GoMQ/pkg/barrel/barrel.go:172.2,172.22 1 3
github.com/codeharik/GoMQ/pkg/barrel/barrel.go:172.22,173.52 1 3
github.com/codeharik/GoMQ/pkg/barrel/barrel.go:173.52,176.4 2 0
github.com/codeharik/GoMQ/pkg/barrel/barrel.go:179.2,179.12 1 3
github.com/codeharik/GoMQ/pkg/barrel/barrel.go:186.50,190.21 3 1
github.com/codeharik/GoMQ/pkg/barrel/barrel.go:190.21,192.3 1 0
github.com/codeharik/GoMQ/pkg/barrel/barrel.go:195.2,195.43 1 1
github.com/codeharik/GoMQ/pkg/barrel/barrel.go:195.43,197.3 1 0
github.com/codeharik/GoMQ/pkg/barrel/barrel.go:199.2,200.33 2 1
github.com/codeharik/GoMQ/pkg/barrel/barrel.go:204.70,208.21 3 1
github.com/codeharik/GoMQ/pkg/barrel/barrel.go:208.21,210.3 1 0
github.com/codeharik/GoMQ/pkg/barrel/barrel.go:213.2,213.43 1 1
github.com/codeharik/GoMQ/pkg/barrel/barrel.go:213.43,215.3 1 0
github.com/codeharik/GoMQ/pkg/barrel/barrel.go:218.2,221.37 3 1
github.com/codeharik/GoMQ/pkg/barrel/barrel.go:227.48,233.16 5 3
github.com/codeharik/GoMQ/pkg/barrel/barrel.go:233.16,235.3 1 1
github.com/codeharik/GoMQ/pkg/barrel/barrel.go:238.2,238.24 1 2
github.com/codeharik/GoMQ/pkg/barrel/barrel.go:238.24,240.3 1 1
github.com/codeharik/GoMQ/pkg/barrel/barrel.go:243.2,243.31 1 1
github.com/codeharik/GoMQ/pkg/barrel/barrel.go:243.31,245.3 1 0
github.com/codeharik/GoMQ/pkg/barrel/barrel.go:247.2,247.26 1 1
github.com/codeharik/GoMQ/pkg/barrel/barrel.go:254.41,258.21 3 1
github.com/codeharik/GoMQ/pkg/barrel/barrel.go:258.21,260.3 1 0
github.com/codeharik/GoMQ/pkg/barrel/barrel.go:262.2,263.20 2 1
github.com/codeharik/GoMQ/pkg/barrel/barrel.go:267.34,273.26 4 1
github.com/codeharik/GoMQ/pkg/barrel/barrel.go:273.26,275.3 1 1
github.com/codeharik/GoMQ/pkg/barrel/barrel.go:277.2,277.13 1 1
github.com/codeharik/GoMQ/pkg/barrel/barrel.go:281.28,286.2 3 1
github.com/codeharik/GoMQ/pkg/barrel/barrel.go:289.54,294.26 3 1
github.com/codeharik/GoMQ/pkg/barrel/barrel.go:294.26,295.31 1 1
github.com/codeharik/GoMQ/pkg/barrel/barrel.go:295.31,297.4 1 0
github.com/codeharik/GoMQ/pkg/barrel/barrel.go:299.2,299.12 1 1
github.com/codeharik/GoMQ/pkg/barrel/barrel.go:303.31,308.2 3 1
github.com/codeharik/GoMQ/pkg/barrel/compact.go:15.62,17.23 2 3
github.com/codeharik/GoMQ/pkg/barrel/compact.go:17.23,18.38 1 0
github.com/codeharik/GoMQ/pkg/barrel/compact.go:18.38,20.4 1 0
github.com/codeharik/GoMQ/pkg/barrel/compact.go:28.60,30.23 2 3
github.com/codeharik/GoMQ/pkg/barrel/compact.go:30.23,33.44 2 0
github.com/codeharik/GoMQ/pkg/barrel/compact.go:33.44,35.4 1 0
github.com/codeharik/GoMQ/pkg/barrel/compact.go:36.3,36.35 1 0
github.com/codeharik/GoMQ/pkg/barrel/compact.go:36.35,38.4 1 0
github.com/codeharik/GoMQ/pkg/barrel/compact.go:39.3,39.43 1 0
github.com/codeharik/GoMQ/pkg/barrel/compact.go:39.43,41.4 1 0
github.com/codeharik/GoMQ/pkg/barrel/compact.go:43.3,43.13 1 0
github.com/codeharik/GoMQ/pkg/barrel/compact.go:50.55,52.23 2 0
github.com/codeharik/GoMQ/pkg/barrel/compact.go:52.23,53.34 1 0
github.com/codeharik/GoMQ/pkg/barrel/compact.go:53.34,55.4 1 0
github.com/codeharik/GoMQ/pkg/barrel/compact.go:63.35,68.16 4 0
github.com/codeharik/GoMQ/pkg/barrel/compact.go:68.16,70.3 1 0
github.com/codeharik/GoMQ/pkg/barrel/compact.go:73.2,74.37 2 0
github.com/codeharik/GoMQ/pkg/barrel/compact.go:74.37,76.3 1 0
github.com/codeharik/GoMQ/pkg/barrel/compact.go:78.2,85.16 4 0
github.com/codeharik/GoMQ/pkg/barrel/compact.go:85.16,87.3 1 0
github.com/codeharik/GoMQ/pkg/barrel/compact.go:90.2,92.12 2 0
github.com/codeharik/GoMQ/pkg/barrel/compact.go:97.40,99.46 2 3
github.com/codeharik/GoMQ/pkg/barrel/compact.go:99.46,101.3 1 0
github.com/codeharik/GoMQ/pkg/barrel/compact.go:103.2,103.12 1 3
github.com/codeharik/GoMQ/pkg/barrel/compact.go:107.41,109.26 1 0
github.com/codeharik/GoMQ/pkg/barrel/compact.go:109.26,111.17 2 0
github.com/codeharik/GoMQ/pkg/barrel/compact.go:111.17,113.12 2 0
github.com/codeharik/GoMQ/pkg/barrel/compact.go:115.3,115.25 1 0
github.com/codeharik/GoMQ/pkg/barrel/compact.go:115.25,118.38 2 0
github.com/codeharik/GoMQ/pkg/barrel/compact.go:118.38,120.13 2 0
github.com/codeharik/GoMQ/pkg/barrel/compact.go:125.2,125.12 1 0
github.com/codeharik/GoMQ/pkg/barrel/compact.go:131.32,135.22 2 0
github.com/codeharik/GoMQ/pkg/barrel/compact.go:135.22,137.3 1 0
github.com/codeharik/GoMQ/pkg/barrel/compact.go:141.2,142.16 2 0
github.com/codeharik/GoMQ/pkg/barrel/compact.go:142.16,144.3 1 0
github.com/codeharik/GoMQ/pkg/barrel/compact.go:145.2,148.16 3 0
github.com/codeharik/GoMQ/pkg/barrel/compact.go:148.16,150.3 1 0
github.com/codeharik/GoMQ/pkg/barrel/compact.go:153.2,153.24 1 0
github.com/codeharik/GoMQ/pkg/barrel/compact.go:153.24,156.3 2 0
github.com/codeharik/GoMQ/pkg/barrel/compact.go:162.2,162.26 1 0
github.com/codeharik/GoMQ/pkg/barrel/compact.go:162.26,164.17 2 0
github.com/codeharik/GoMQ/pkg/barrel/compact.go:164.17,166.4 1 0
github.com/codeharik/GoMQ/pkg/barrel/compact.go:167.3,167.62 1 0
github.com/codeharik/GoMQ/pkg/barrel/compact.go:167.62,169.4 1 0
github.com/codeharik/GoMQ/pkg/barrel/compact.go:173.2,173.29 1 0
github.com/codeharik/GoMQ/pkg/barrel/compact.go:173.29,174.36 1 0
github.com/codeharik/GoMQ/pkg/barrel/compact.go:174.36,176.12 2 0
github.com/codeharik/GoMQ/pkg/barrel/compact.go:181.2,184.87 2 0
github.com/codeharik/GoMQ/pkg/barrel/compact.go:184.87,185.17 1 0
github.com/codeharik/GoMQ/pkg/barrel/compact.go:185.17,187.4 1 0
github.com/codeharik/GoMQ/pkg/barrel/compact.go:188.3,188.19 1 0
github.com/codeharik/GoMQ/pkg/barrel/compact.go:188.19,190.4 1 0
github.com/codeharik/GoMQ/pkg/barrel/compact.go:191.3,191.34 1 0
github.com/codeharik/GoMQ/pkg/barrel/compact.go:191.34,193.18 2 0
github.com/codeharik/GoMQ/pkg/barrel/compact.go:193.18,195.5 1 0
github.com/codeharik/GoMQ/pkg/barrel/compact.go:197.3,197.13 1 0
github.com/codeharik/GoMQ/pkg/barrel/compact.go:199.2,199.16 1 0
github.com/codeharik/GoMQ/pkg/barrel/compact.go:199.16,201.3 1 0
github.com/codeharik/GoMQ/pkg/barrel/compact.go:204.2,210.16 3 0
github.com/codeharik/GoMQ/pkg/barrel/compact.go:210.16,213.3 2 0
github.com/codeharik/GoMQ/pkg/barrel/compact.go:215.2,215.12 1 0
github.com/codeharik/GoMQ/pkg/barrel/config.go:30.32,40.2 1 3
github.com/codeharik/GoMQ/pkg/barrel/config.go:42.25,43.32 1 1
github.com/codeharik/GoMQ/pkg/barrel/config.go:43.32,46.3 2 1
github.com/codeharik/GoMQ/pkg/barrel/config.go:49.33,50.32 1 3
github.com/codeharik/GoMQ/pkg/barrel/config.go:50.32,53.3 2 3
github.com/codeharik/GoMQ/pkg/barrel/config.go:56.28,57.32 1 0
github.com/codeharik/GoMQ/pkg/barrel/config.go:57.32,60.3 2 0
github.com/codeharik/GoMQ/pkg/barrel/config.go:63.30,64.32 1 1
github.com/codeharik/GoMQ/pkg/barrel/config.go:64.32,67.3 2 1
github.com/codeharik/GoMQ/pkg/barrel/config.go:70.28,71.32 1 0
github.com/codeharik/GoMQ/pkg/barrel/config.go:71.32,76.3 4 0
github.com/codeharik/GoMQ/pkg/barrel/config.go:79.55,80.32 1 0
github.com/codeharik/GoMQ/pkg/barrel/config.go:80.32,84.3 3 0
github.com/codeharik/GoMQ/pkg/barrel/config.go:87.57,88.32 1 0
github.com/codeharik/GoMQ/pkg/barrel/config.go:88.32,91.3 2 0
github.com/codeharik/GoMQ/pkg/barrel/config.go:94.63,95.32 1 1
github.com/codeharik/GoMQ/pkg/barrel/config.go:95.32,98.3 2 1
github.com/codeharik/GoMQ/pkg/barrel/config.go:101.47,102.32 1 1
github.com/codeharik/GoMQ/pkg/barrel/config.go:102.32,105.3 2 1
github.com/codeharik/GoMQ/pkg/barrel/flock.go:53.58,55.16 2 3
github.com/codeharik/GoMQ/pkg/barrel/flock.go:55.16,57.3 1 0
github.com/codeharik/GoMQ/pkg/barrel/flock.go:58.2,58.80 1 3
github.com/codeharik/GoMQ/pkg/barrel/flock.go:58.80,60.3 1 0
github.com/codeharik/GoMQ/pkg/barrel/flock.go:61.2,61.20 1 3
github.com/codeharik/GoMQ/pkg/barrel/flock.go:65.46,67.67 1 3
github.com/codeharik/GoMQ/pkg/barrel/flock.go:67.67,69.3 1 0
github.com/codeharik/GoMQ/pkg/barrel/flock.go:71.2,71.39 1 3
github.com/codeharik/GoMQ/pkg/barrel/flock.go:71.39,73.3 1 0
github.com/codeharik/GoMQ/pkg/barrel/flock.go:75.2,75.49 1 3
github.com/codeharik/GoMQ/pkg/barrel/flock.go:75.49,77.3 1 0
github.com/codeharik/GoMQ/pkg/barrel/flock.go:78.2,78.12 1 3
github.com/codeharik/GoMQ/pkg/barrel/header.go:49.50,51.2 1 3
github.com/codeharik/GoMQ/pkg/barrel/header.go:54.46,56.2 1 2
github.com/codeharik/GoMQ/pkg/barrel/header.go:59.35,61.26 1 2
github.com/codeharik/GoMQ/pkg/barrel/header.go:61.26,63.3 1 1
github.com/codeharik/GoMQ/pkg/barrel/header.go:64.2,64.51 1 1
github.com/codeharik/GoMQ/pkg/barrel/header.go:68.41,70.2 1 1
github.com/codeharik/GoMQ/pkg/barrel/keydir.go:27.45,30.16 2 3
github.com/codeharik/GoMQ/pkg/barrel/keydir.go:30.16,32.3 1 0
github.com/codeharik/GoMQ/pkg/barrel/keydir.go:33.2,40.16 4 3
github.com/codeharik/GoMQ/pkg/barrel/keydir.go:40.16,42.3 1 0
github.com/codeharik/GoMQ/pkg/barrel/keydir.go:44.2,44.12 1 3
github.com/codeharik/GoMQ/pkg/barrel/keydir.go:48.45,51.16 2 0
github.com/codeharik/GoMQ/pkg/barrel/keydir.go:51.16,53.3 1 0
github.com/codeharik/GoMQ/pkg/barrel/keydir.go:54.2,61.16 4 0
github.com/codeharik/GoMQ/pkg/barrel/keydir.go:61.16,63.3 1 0
github.com/codeharik/GoMQ/pkg/barrel/keydir.go:65.2,65.12 1 0
github.com/codeharik/GoMQ/pkg/barrel/ops.go:12.48,15.9 2 3
github.com/codeharik/GoMQ/pkg/barrel/ops.go:15.9,17.3 1 1
github.com/codeharik/GoMQ/pkg/barrel/ops.go:19.2,29.30 3 2
github.com/codeharik/GoMQ/pkg/barrel/ops.go:29.30,31.10 2 0
github.com/codeharik/GoMQ/pkg/barrel/ops.go:31.10,33.4 1 0
github.com/codeharik/GoMQ/pkg/barrel/ops.go:37.2,38.16 2 2
github.com/codeharik/GoMQ/pkg/barrel/ops.go:38.16,40.3 1 0
github.com/codeharik/GoMQ/pkg/barrel/ops.go:43.2,43.44 1 2
github.com/codeharik/GoMQ/pkg/barrel/ops.go:43.44,45.3 1 0
github.com/codeharik/GoMQ/pkg/barrel/ops.go:47.2,60.20 3 2
github.com/codeharik/GoMQ/pkg/barrel/ops.go:63.92,73.19 2 3
github.com/codeharik/GoMQ/pkg/barrel/ops.go:73.19,75.3 1 1
github.com/codeharik/GoMQ/pkg/barrel/ops.go:75.8,77.3 1 2
github.com/codeharik/GoMQ/pkg/barrel/ops.go:80.2,100.16 9 3
github.com/codeharik/GoMQ/pkg/barrel/ops.go:100.16,102.3 1 0
github.com/codeharik/GoMQ/pkg/barrel/ops.go:107.2,115.24 2 3
github.com/codeharik/GoMQ/pkg/barrel/ops.go:115.24,116.35 1 0
github.com/codeharik/GoMQ/pkg/barrel/ops.go:116.35,118.4 1 0
github.com/codeharik/GoMQ/pkg/barrel/ops.go:121.2,121.12 1 3
github.com/codeharik/GoMQ/pkg/barrel/ops.go:124.41,126.54 1 1
github.com/codeharik/GoMQ/pkg/barrel/ops.go:126.54,128.3 1 0
github.com/codeharik/GoMQ/pkg/barrel/ops.go:131.2,133.12 2 1
github.com/codeharik/GoMQ/pkg/barrel/utils.go:13.31,14.41 1 6
github.com/codeharik/GoMQ/pkg/barrel/utils.go:14.41,16.3 1 6
github.com/codeharik/GoMQ/pkg/barrel/utils.go:17.2,17.13 1 0
github.com/codeharik/GoMQ/pkg/barrel/utils.go:21.49,23.16 2 3
github.com/codeharik/GoMQ/pkg/barrel/utils.go:23.16,25.3 1 0
github.com/codeharik/GoMQ/pkg/barrel/utils.go:26.2,26.19 1 3
github.com/codeharik/GoMQ/pkg/barrel/utils.go:30.44,33.26 2 0
github.com/codeharik/GoMQ/pkg/barrel/utils.go:33.26,35.17 2 0
github.com/codeharik/GoMQ/pkg/barrel/utils.go:35.17,37.4 1 0
github.com/codeharik/GoMQ/pkg/barrel/utils.go:38.3,38.29 1 0
github.com/codeharik/GoMQ/pkg/barrel/utils.go:42.2,44.17 2 0
github.com/codeharik/GoMQ/pkg/barrel/utils.go:48.45,49.17 1 2
github.com/codeharik/GoMQ/pkg/barrel/utils.go:49.17,51.3 1 0
github.com/codeharik/GoMQ/pkg/barrel/utils.go:53.2,53.25 1 2
github.com/codeharik/GoMQ/pkg/barrel/utils.go:53.25,55.3 1 0
github.com/codeharik/GoMQ/pkg/barrel/utils.go:57.2,57.29 1 2
github.com/codeharik/GoMQ/pkg/barrel/utils.go:57.29,59.3 1 0
github.com/codeharik/GoMQ/pkg/barrel/utils.go:61.2,61.12 1 2
github.com/codeharik/GoMQ/pkg/datafile/datafile.go:26.52,30.16 3 3
github.com/codeharik/GoMQ/pkg/datafile/datafile.go:30.16,32.3 1 0
github.com/codeharik/GoMQ/pkg/datafile/datafile.go:35.2,36.16 2 3
github.com/codeharik/GoMQ/pkg/datafile/datafile.go:36.16,38.3 1 0
github.com/codeharik/GoMQ/pkg/datafile/datafile.go:41.2,42.16 2 3
github.com/codeharik/GoMQ/pkg/datafile/datafile.go:42.16,44.3 1 0
github.com/codeharik/GoMQ/pkg/datafile/datafile.go:46.2,53.16 2 3
github.com/codeharik/GoMQ/pkg/datafile/datafile.go:57.29,59.2 1 5
github.com/codeharik/GoMQ/pkg/datafile/datafile.go:62.42,65.16 2 0
github.com/codeharik/GoMQ/pkg/datafile/datafile.go:65.16,67.3 1 0
github.com/codeharik/GoMQ/pkg/datafile/datafile.go:69.2,69.25 1 0
github.com/codeharik/GoMQ/pkg/datafile/datafile.go:73.33,75.2 1 1
github.com/codeharik/GoMQ/pkg/datafile/datafile.go:77.60,86.16 4 2
github.com/codeharik/GoMQ/pkg/datafile/datafile.go:86.16,88.3 1 0
github.com/codeharik/GoMQ/pkg/datafile/datafile.go:91.2,91.20 1 2
github.com/codeharik/GoMQ/pkg/datafile/datafile.go:91.20,93.3 1 0
github.com/codeharik/GoMQ/pkg/datafile/datafile.go:95.2,95.20 1 2
github.com/codeharik/GoMQ/pkg/datafile/datafile.go:99.52,100.48 1 3
github.com/codeharik/GoMQ/pkg/datafile/datafile.go:100.48,102.3 1 0
github.com/codeharik/GoMQ/pkg/datafile/datafile.go:105.2,110.20 3 3
github.com/codeharik/GoMQ/pkg/datafile/datafile.go:114.34,115.41 1 3
github.com/codeharik/GoMQ/pkg/datafile/datafile.go:115.41,117.3 1 0
github.com/codeharik/GoMQ/pkg/datafile/datafile.go:119.2,119.41 1 3
github.com/codeharik/GoMQ/pkg/datafile/datafile.go:119.41,121.3 1 0
github.com/codeharik/GoMQ/pkg/datafile/datafile.go:123.2,123.12 1 3
